<?xml version="1.0" encoding="UTF-8"?>
<testsuite name="Tets" tests="1" skipped="0" failures="0" errors="0" timestamp="2019-10-07T08:55:48" hostname="DESKTOP-6B368G4" time="0.001">
  <properties/>
  <testcase name="Test1" classname="Tets" time="0.001"/>
  <system-out><![CDATA[]]></system-out>
  <system-err><![CDATA[]]></system-err>
</testsuite>
